[debug] [2023-11-01T05:14:55.886Z] ----------------------------------------------------------------------
[debug] [2023-11-01T05:14:55.888Z] Command:       C:\Program Files\nodejs\node.exe C:\Users\user\AppData\Roaming\npm\node_modules\firebase-tools\lib\bin\firebase.js init
[debug] [2023-11-01T05:14:55.888Z] CLI Version:   12.8.0
[debug] [2023-11-01T05:14:55.888Z] Platform:      win32
[debug] [2023-11-01T05:14:55.889Z] Node Version:  v20.4.0
[debug] [2023-11-01T05:14:55.889Z] Time:          Wed Nov 01 2023 11:14:55 GMT+0600 (Бангладеш, стандартное время)
[debug] [2023-11-01T05:14:55.889Z] ----------------------------------------------------------------------
[debug] 
[debug] [2023-11-01T05:14:55.894Z] > command requires scopes: ["email","openid","https://www.googleapis.com/auth/cloudplatformprojects.readonly","https://www.googleapis.com/auth/firebase","https://www.googleapis.com/auth/cloud-platform"]
[debug] [2023-11-01T05:14:55.895Z] > authorizing via signed-in user (malikvundiz@gmail.com)
[info] 
     ######## #### ########  ######## ########     ###     ######  ########
     ##        ##  ##     ## ##       ##     ##  ##   ##  ##       ##
     ######    ##  ########  ######   ########  #########  ######  ######
     ##        ##  ##    ##  ##       ##     ## ##     ##       ## ##
     ##       #### ##     ## ######## ########  ##     ##  ######  ########

You're about to initialize a Firebase project in this directory:

  C:\Users\user\Desktop\final\nn-repository

[debug] [2023-11-01T05:15:04.438Z] Error: Timed out.
    at Timeout._onTimeout (C:\Users\user\AppData\Roaming\npm\node_modules\firebase-tools\lib\utils.js:254:49)
    at listOnTimeout (node:internal/timers:573:17)
    at process.processTimers (node:internal/timers:514:7)
[error] 
[error] Error: An unexpected error has occurred.
